0 info it worked if it ends with ok
1 verbose cli [ 'node', '/usr/local/bin/npm', 'install', 'hashing' ]
2 info using npm@1.4.28
3 info using node@v0.10.33
4 verbose readDependencies using package.json deps
5 verbose cache add [ 'hashing', null ]
6 verbose cache add name=undefined spec="hashing" args=["hashing",null]
7 verbose parsed url { protocol: null,
7 verbose parsed url   slashes: null,
7 verbose parsed url   auth: null,
7 verbose parsed url   host: null,
7 verbose parsed url   port: null,
7 verbose parsed url   hostname: null,
7 verbose parsed url   hash: null,
7 verbose parsed url   search: null,
7 verbose parsed url   query: null,
7 verbose parsed url   pathname: 'hashing',
7 verbose parsed url   path: 'hashing',
7 verbose parsed url   href: 'hashing' }
8 silly lockFile c6890bb0-hashing hashing
9 verbose lock hashing /Users/cameronphillips/.npm/c6890bb0-hashing.lock
10 silly lockFile c6890bb0-hashing hashing
11 silly lockFile c6890bb0-hashing hashing
12 verbose addNamed [ 'hashing', '' ]
13 verbose addNamed [ null, '*' ]
14 silly lockFile f1e0596d-hashing hashing@
15 verbose lock hashing@ /Users/cameronphillips/.npm/f1e0596d-hashing.lock
16 silly addNameRange { name: 'hashing', range: '*', hasData: false }
17 verbose request where is /hashing
18 verbose request registry https://registry.npmjs.org/
19 verbose request id 33edcaf788d7b33b
20 verbose url raw /hashing
21 verbose url resolving [ 'https://registry.npmjs.org/', './hashing' ]
22 verbose url resolved https://registry.npmjs.org/hashing
23 verbose request where is https://registry.npmjs.org/hashing
24 info trying registry request attempt 1 at 17:51:15
25 http GET https://registry.npmjs.org/hashing
26 http 404 https://registry.npmjs.org/hashing
27 silly registry.get cb [ 404,
27 silly registry.get   { server: 'CouchDB/1.5.0 (Erlang OTP/R16B03)',
27 silly registry.get     etag: '"5MSDWVLSKHD0CB7BRECK74X6G"',
27 silly registry.get     'content-type': 'application/json',
27 silly registry.get     'cache-control': 'max-age=0',
27 silly registry.get     'content-length': '648',
27 silly registry.get     'accept-ranges': 'bytes',
27 silly registry.get     date: 'Sat, 02 May 2015 21:51:15 GMT',
27 silly registry.get     via: '1.1 varnish',
27 silly registry.get     age: '0',
27 silly registry.get     connection: 'keep-alive',
27 silly registry.get     'x-served-by': 'cache-atl6231-ATL',
27 silly registry.get     'x-cache': 'MISS',
27 silly registry.get     'x-cache-hits': '0',
27 silly registry.get     'x-timer': 'S1430603475.636345,VS0,VE119',
27 silly registry.get     vary: 'Accept' } ]
28 silly lockFile f1e0596d-hashing hashing@
29 silly lockFile f1e0596d-hashing hashing@
30 error 404 Not Found
30 error 404
30 error 404 'hashing' is not in the npm registry.
30 error 404 You should bug the author to publish it
30 error 404 It was specified as a dependency of 'application-name'
30 error 404
30 error 404 Note that you can also install from a
30 error 404 tarball, folder, or http url, or git url.
31 error System Darwin 14.3.0
32 error command "node" "/usr/local/bin/npm" "install" "hashing"
33 error cwd /Users/cameronphillips/Documents/Junior Year/Spring Semester/CSC431/hpcldashboard
34 error node -v v0.10.33
35 error npm -v 1.4.28
36 error code E404
37 verbose exit [ 1, true ]
